root INFO 2022-07-02 18:36:55,488 a iciaieiiirfltts itimhspcs,lrh d   ye  tckwd dngsr i,tcr dnrteda12a p    oeenaiaengsr tao bargoalao
root INFO 2022-07-02 18:36:55,488 eCneicS aTaD
root INFO 2022-07-02 18:36:55,488 ('DATA SCIENCE', ['DATA', 'SCIENCE'])
root INFO 2022-07-02 18:36:55,488 ('data science', 'Data science')
root INFO 2022-07-02 18:36:55,488 DataScience     DataAnalysis    MachineLearning DeepLearning    RL
root INFO 2022-07-02 18:36:55,488 ['Data Science', 'Data Science  ', '   Data Science']
root INFO 2022-07-02 18:36:55,488 ('DATA ScienCe', '$$$$$$$$$DaTa ScienCe$$$$$$$$$')
root INFO 2022-07-02 18:36:55,488 [[1, 2, 3, 4], ['ineuron', 'data science ']]
root INFO 2022-07-02 18:36:55,488 [{'k1': 'sudh', 'k2': 'ineuron', 'k3': 'kumar', 3: 6, 7: 8}]
root INFO 2022-07-02 18:36:55,488 [(2, 3, 4, 5, 6), (3, 4, 5, 6, 7)]
root INFO 2022-07-02 18:36:55,488 [1, 2, 3, 4, 2, 3, 4, 5, 6, 3, 4, 5, 6, 7, 45, 4, 5, 23, 3, 6, 7, 8]
root INFO 2022-07-02 18:36:55,488 156
root INFO 2022-07-02 18:36:55,488 [1, 3]
root INFO 2022-07-02 18:36:55,488 ('ineuron', 'ineuron')
root INFO 2022-07-02 18:36:55,488 {1: 1, 2: 2, 3: 4, 4: 4, 5: 3, 6: 3, 7: 2, 45: 1, 23: 1, 'k1': 1, 'sudh': 1, 'k2': 1, 'ineuron': 2, 'k3': 1, 'kumar': 1, 8: 1, 'data science ': 1}
root INFO 2022-07-02 18:36:55,488 5
root INFO 2022-07-02 18:36:55,488 [23, 23, 23, 23, 23, 23, 'ineuron', 'data science ']
root INFO 2022-07-02 18:36:55,488 ['k1', 'sudh', 'k2', 'ineuron', 'k3', 'kumar', 'ineuron']
root INFO 2022-07-02 18:36:55,488 [[24, 720, 2520, 20700, 1008, 1]]
root INFO 2022-07-02 18:36:55,488 [[1, 2, 3, 4, 2, 3, 4, 5, 6, 3, 4, 5, 6, 7, 45, 4, 5, 23, 'k1', 'sudh', 'k2', 'ineuron', 'k3', 'kumar', 3, 6, 7, 8, 'ineuron', 'data science ']]
